#
# A fatal error has been detected by the Java Runtime Environment:
#
#  EXCEPTION_ACCESS_VIOLATION (0xc0000005) at pc=0x00007fff4c3faa76, pid=11792, tid=11308
#
# JRE version: OpenJDK Runtime Environment Corretto-20.0.2.10.1 (20.0.2.1+10) (build 20.0.2.1+10-FR)
# Java VM: OpenJDK 64-Bit Server VM Corretto-20.0.2.10.1 (20.0.2.1+10-FR, mixed mode, emulated-client, sharing, tiered, compressed oops, compressed class ptrs, g1 gc, windows-amd64)
# Problematic frame:
# V  [jvm.dll+0xaa76]
#
# No core dump will be written. Minidumps are not enabled by default on client versions of Windows
#
# If you would like to submit a bug report, please visit:
#   https://github.com/corretto/corretto-20/issues/
#

---------------  S U M M A R Y ------------

Command Line: -XX:TieredStopAtLevel=1 -Dspring.output.ansi.enabled=always -Dcom.sun.management.jmxremote -Dspring.jmx.enabled=true -Dspring.liveBeansView.mbeanDomain -Dspring.application.admin.enabled=true -Dmanagement.endpoints.jmx.exposure.include=* -javaagent:C:\Intel\IntelliJ IDEA 2024.1\lib\idea_rt.jar=57121:C:\Intel\IntelliJ IDEA 2024.1\bin -Dfile.encoding=UTF-8 -Dsun.stdout.encoding=UTF-8 -Dsun.stderr.encoding=UTF-8 web.webbanbalo.WebbanbalobeApplication

Host: Intel(R) Core(TM) i5-4210U CPU @ 1.70GHz, 4 cores, 3G,  Windows 10 , 64 bit Build 19041 (10.0.19041.3636)
Time: Fri May 24 15:34:37 2024 SE Asia Standard Time elapsed time: 9590.301336 seconds (0d 2h 39m 50s)

---------------  T H R E A D  ---------------

Current thread (0x00000250f5d186b0):  WorkerThread "G1 Conc#0" [stack: 0x000000ca86500000,0x000000ca86600000] [id=11308]

Stack: [0x000000ca86500000,0x000000ca86600000],  sp=0x000000ca865ffb38,  free space=1022k
Native frames: (J=compiled Java code, j=interpreted, Vv=VM code, C=native code)
V  [jvm.dll+0xaa76]


siginfo: EXCEPTION_ACCESS_VIOLATION (0xc0000005), reading address 0x00000250890503a7


Registers:
RAX=0x0000000001500000, RBX=0x00000250f5d19201, RCX=0x00000000c1bef090, RDX=0x00000000c1bef090
RSP=0x000000ca865ffb38, RBP=0x0000000000000000, RSI=0x00000250f5d0f520, RDI=0x00000000c1bef090
R8 =0x000002508905039f, R9 =0x0000000000000009, R10=0x00000250f5ce2a80, R11=0x0000000000000002
R12=0x0000000000000000, R13=0xaaaaaaaaaaaaaaab, R14=0x0000000000000001, R15=0x000000ca865ffcc0
RIP=0x00007fff4c3faa76, EFLAGS=0x0000000000010206


Register to memory mapping:

RIP=0x00007fff4c3faa76 jvm.dll
RAX=22020096 is a compressed pointer to class: 0x0000025086500000
org.hibernate.engine.jdbc.spi.JdbcCoordinator {0x0000025086500008}
 - instance size:     2
 - klass size:        62
 - access:            public interface abstract 
 - state:             linked
 - name:              'org/hibernate/engine/jdbc/spi/JdbcCoordinator'
 - super:             'java/lang/Object'
 - sub:               
 - nof implementors:  1
 - implementor:    
   'org/hibernate/engine/jdbc/internal/JdbcCoordinatorImpl'
 - arrays:            NULL
 - methods:           Array<T>(0x00000250c7e508b0)
 - method ordering:   Array<T>(0x0000025085b0c358)
 - default_methods:   Array<T>(0x00000250c7e4f358)
 - default vtable indices:   Array<T>(0x00000250c7e4f368)
 - local interfaces:  Array<T>(0x00000250c7e4f1c0)
 - trans. interfaces: Array<T>(0x00000250c7e4f1c0)
 - constants:         constant pool [89] {0x00000250c7e50568} for 'org/hibernate/engine/jdbc/spi/JdbcCoordinator' cache=0x00000250c7e52ed0
 - class loader data:  loader data: 0x00000250ff85b7a0 for instance a 'jdk/internal/loader/ClassLoaders$AppClassLoader'{0x00000000c16d84f8}
 - source file:       'JdbcCoordinator.java'
 - class annotations:       Array<T>(0x0000000000000000)
 - class type annotations:  Array<T>(0x0000000000000000)
 - field annotations:       Array<T>(0x0000000000000000)
 - field type annotations:  Array<T>(0x0000000000000000)
 - inner classes:     Array<T>(0x000002508560fce0)
 - nest members:     Array<T>(0x000002508560fce0)
 - permitted subclasses:     Array<T>(0x000002508560fce0)
 - java mirror:       a 'java/lang/Class'{0x00000000c24640b0} = 'org/hibernate/engine/jdbc/spi/JdbcCoordinator'
 - vtable length      5  (start addr: 0x00000250865001c0)
 - itable length      0 (start addr: 0x00000250865001e8)
 - ---- static fields (0 words):
 - ---- non-static fields (0 words):
 - non-static oop maps: 
RBX=0x00000250f5d19201 points into unknown readable memory: 00 00 00 00 00 00 00
RCX=
[error occurred during error reporting (printing register info), id 0xc0000005, EXCEPTION_ACCESS_VIOLATION (0xc0000005) at pc=0x00007fff4c3faae1]
Top of Stack: (sp=0x000000ca865ffb38)
0x000000ca865ffb38:   00007fff4c70b4ca 00000250f5d19260
0x000000ca865ffb48:   000000ca865ffd00 00000000c1beecf0
0x000000ca865ffb58:   00007fff4c70b29f 00000000c1bef090
0x000000ca865ffb68:   00007fff4c70b29f 00000250f5d19260
0x000000ca865ffb78:   000000ca865ffd00 00000000c1beef20
0x000000ca865ffb88:   00007fff4c708c5d 000000ca865ffd00
0x000000ca865ffb98:   00007fff4c70939d 00000000c1beed30
0x000000ca865ffba8:   00007fff4c7088a2 000000ca865ffcc0
0x000000ca865ffbb8:   0000000000000001 00000250860e4620
0x000000ca865ffbc8:   00007fff4c7088a2 0000000000000042
0x000000ca865ffbd8:   00000000c1beed10 000000ca865ffd00
0x000000ca865ffbe8:   0000000000000040 00000250f5d19260
0x000000ca865ffbf8:   00007fff4c726fa0 00000000c1beed10
0x000000ca865ffc08:   00000250f5d0f530 000000ca865ffcc0
0x000000ca865ffc18:   00000250f5d0f530 00000000c1beed10
0x000000ca865ffc28:   00007fff4c723591 000000000013dda2
0x000000ca865ffc38:   0000000000000000 00000000c1be9280
0x000000ca865ffc48:   00007fff4c724c94 0000000000140000
0x000000ca865ffc58:   00007fff4c72520c 00000000c1beecf0
0x000000ca865ffc68:   000000000013dda2 00000000006b49d2
0x000000ca865ffc78:   00000000001c9c38 00000250f5d18990
0x000000ca865ffc88:   0000000000000001 00000250f5d19260
0x000000ca865ffc98:   00007fff4c723e5f 00000250f5d192f8
0x000000ca865ffca8:   0000000000000000 000000ca864ff401
0x000000ca865ffcb8:   0000000000000000 00000250f5d0f520
0x000000ca865ffcc8:   00000250f5d19260 00000000c1b00000
0x000000ca865ffcd8:   0000000000020000 00000000c1b00000
0x000000ca865ffce8:   0000000000020000 000000000017d784
0x000000ca865ffcf8:   000000000068e778 00007fff4cdbc618
0x000000ca865ffd08:   00000250f5d72000 0000000000000003
0x000000ca865ffd18:   00000250f5ce2a80 00000250f5d19260
0x000000ca865ffd28:   00007fff4ca7a013 c215b08487fc9eb8 

Instructions: (pc=0x00007fff4c3faa76)
0x00007fff4c3fa976:   cc cc cc cc cc cc cc cc cc cc 4c 8b c1 ba 64 60
0x00007fff4c3fa986:   08 00 48 8b 0d 71 d4 bf 00 e9 cc f1 ff ff cc cc
0x00007fff4c3fa996:   cc cc cc cc cc cc cc cc cc cc 8b 05 92 b6 b9 00
0x00007fff4c3fa9a6:   c3 cc cc cc cc cc cc cc cc cc 0f b6 05 98 d3 c0
0x00007fff4c3fa9b6:   00 48 8b d1 84 c0 74 16 44 8b 41 08 8b 0d 70 b6
0x00007fff4c3fa9c6:   b9 00 49 d3 e0 4c 03 05 5e b6 b9 00 eb 04 4c 8b
0x00007fff4c3fa9d6:   41 08 45 8b 48 08 45 85 c9 7e 0e 41 f6 c1 01 75
0x00007fff4c3fa9e6:   53 41 c1 f9 03 49 63 c1 c3 79 49 84 c0 41 b8 0c
0x00007fff4c3fa9f6:   00 00 00 8b 05 19 c8 b9 00 b9 10 00 00 00 41 0f
0x00007fff4c3faa06:   45 c8 ff c8 4c 63 c0 41 8b c1 48 c1 f8 10 0f b6
0x00007fff4c3faa16:   c0 48 63 14 11 41 8b c9 83 e1 3f 48 d3 e2 49 8d
0x00007fff4c3faa26:   0c 10 49 f7 d0 48 03 c1 49 c1 e8 03 48 c1 e8 03
0x00007fff4c3faa36:   49 23 c0 c3 49 8b 00 49 8b c8 48 ff a0 00 01 00
0x00007fff4c3faa46:   00 cc cc cc cc cc cc cc cc cc 8b 44 24 30 45 03
0x00007fff4c3faa56:   c9 44 2b 4c 24 28 83 c0 0b 44 03 ca 45 03 c8 41
0x00007fff4c3faa66:   03 c1 c3 cc cc cc cc cc cc cc 4c 8b c2 48 8b d1
0x00007fff4c3faa76:   45 8b 48 08 45 85 c9 7e 0e 41 f6 c1 01 75 56 41
0x00007fff4c3faa86:   c1 f9 03 49 63 c1 c3 79 4c 80 3d b9 d2 c0 00 00
0x00007fff4c3faa96:   b8 0c 00 00 00 b9 10 00 00 00 0f 45 c8 8b 05 6f
0x00007fff4c3faaa6:   c7 b9 00 ff c8 4c 63 c0 41 8b c1 48 c1 f8 10 48
0x00007fff4c3faab6:   63 14 11 41 8b c9 83 e1 3f 0f b6 c0 48 d3 e2 49
0x00007fff4c3faac6:   8d 0c 10 49 f7 d0 48 03 c1 49 c1 e8 03 48 c1 e8
0x00007fff4c3faad6:   03 49 23 c0 c3 49 8b 00 49 8b c8 48 ff a0 00 01
0x00007fff4c3faae6:   00 00 cc cc cc cc cc cc cc cc 48 8b 41 08 0f b7
0x00007fff4c3faaf6:   48 2a 0f b7 40 28 83 c0 48 03 c1 c3 cc cc cc cc
0x00007fff4c3fab06:   cc cc cc cc cc cc cc cc cc cc 48 89 5c 24 08 57
0x00007fff4c3fab16:   48 83 ec 20 0f b6 05 5f f6 c4 00 48 8b fa 48 8b
0x00007fff4c3fab26:   d9 84 c0 74 4f 48 85 15 06 ee c4 00 74 38 48 8b
0x00007fff4c3fab36:   ca e8 44 d6 8b 00 48 8b d0 48 85 db 74 25 48 85
0x00007fff4c3fab46:   c0 74 20 48 8b c7 f0 48 0f b1 13 74 16 48 85 05
0x00007fff4c3fab56:   de ed c4 00 74 0d 48 8b c8 f0 48 0f b1 13 48 3b
0x00007fff4c3fab66:   c1 75 ea 48 8b fa 48 8b c7 48 8b 5c 24 30 48 83 


Stack slot to memory mapping:
stack at sp + 0 slots: 0x00007fff4c70b4ca jvm.dll
stack at sp + 1 slots: 0x00000250f5d19260 points into unknown readable memory: 0x00007fff4cdbc5f8 | f8 c5 db 4c ff 7f 00 00
stack at sp + 2 slots: 0x000000ca865ffd00 points into unknown readable memory: 0x00007fff4cdbc618 | 18 c6 db 4c ff 7f 00 00
stack at sp + 3 slots: 0x00000000c1beecf0 is an oop: [B 
{0x00000000c1beecf0} - klass: {type array byte}
 - length: 14
stack at sp + 4 slots: 0x00007fff4c70b29f jvm.dll
stack at sp + 5 slots: 
[error occurred during error reporting (inspecting top of stack), id 0xc0000005, EXCEPTION_ACCESS_VIOLATION (0xc0000005) at pc=0x00007fff4c3faae1]

---------------  P R O C E S S  ---------------

Threads class SMR info:
_java_thread_list=0x00000250cc0197a0, length=31, elements={
0x00000250ff86ac20, 0x00000250ff86bbc0, 0x00000250ff86c9c0, 0x00000250ff870080,
0x00000250ff871dd0, 0x00000250ff872710, 0x00000250ff873050, 0x00000250ff84aa30,
0x00000250ffdc56d0, 0x00000250ffdc9460, 0x00000250ca55c1f0, 0x00000250cadf04e0,
0x00000250cadef4f0, 0x00000250cadefa40, 0x00000250cb58e060, 0x00000250cb58d070,
0x00000250cb58db10, 0x00000250cb58bb30, 0x00000250cb58d5c0, 0x00000250cb58b090,
0x00000250cb58c5d0, 0x00000250cb58b5e0, 0x00000250cb58cb20, 0x00000250cb58c080,
0x00000250cc6a6970, 0x00000250cc6a5980, 0x00000250cc6a6ec0, 0x00000250cc6a39a0,
0x00000250cc6a29b0, 0x00000250cc6a3450, 0x00000250cc6a2f00
}

Java Threads: ( => current thread )
  0x00000250ff86ac20 JavaThread "Reference Handler" daemon [_thread_blocked, id=10044, stack(0x000000ca86900000,0x000000ca86a00000)]
  0x00000250ff86bbc0 JavaThread "Finalizer" daemon [_thread_blocked, id=7808, stack(0x000000ca86a00000,0x000000ca86b00000)]
  0x00000250ff86c9c0 JavaThread "Signal Dispatcher" daemon [_thread_blocked, id=10096, stack(0x000000ca86b00000,0x000000ca86c00000)]
  0x00000250ff870080 JavaThread "Attach Listener" daemon [_thread_blocked, id=2796, stack(0x000000ca86c00000,0x000000ca86d00000)]
  0x00000250ff871dd0 JavaThread "Service Thread" daemon [_thread_blocked, id=10340, stack(0x000000ca86d00000,0x000000ca86e00000)]
  0x00000250ff872710 JavaThread "Monitor Deflation Thread" daemon [_thread_blocked, id=11684, stack(0x000000ca86e00000,0x000000ca86f00000)]
  0x00000250ff873050 JavaThread "C1 CompilerThread0" daemon [_thread_blocked, id=11284, stack(0x000000ca86f00000,0x000000ca87000000)]
  0x00000250ff84aa30 JavaThread "Common-Cleaner" daemon [_thread_blocked, id=9980, stack(0x000000ca87100000,0x000000ca87200000)]
  0x00000250ffdc56d0 JavaThread "Monitor Ctrl-Break" daemon [_thread_in_native, id=6688, stack(0x000000ca87200000,0x000000ca87300000)]
  0x00000250ffdc9460 JavaThread "Notification Thread" daemon [_thread_blocked, id=9660, stack(0x000000ca87300000,0x000000ca87400000)]
  0x00000250ca55c1f0 JavaThread "RMI TCP Accept-0" daemon [_thread_in_native, id=9480, stack(0x000000ca87700000,0x000000ca87800000)]
  0x00000250cadf04e0 JavaThread "Catalina-utility-1" [_thread_blocked, id=8296, stack(0x000000ca87b00000,0x000000ca87c00000)]
  0x00000250cadef4f0 JavaThread "Catalina-utility-2" [_thread_blocked, id=11384, stack(0x000000ca87d00000,0x000000ca87e00000)]
  0x00000250cadefa40 JavaThread "container-0" [_thread_blocked, id=12008, stack(0x000000ca87e00000,0x000000ca87f00000)]
  0x00000250cb58e060 JavaThread "mysql-cj-abandoned-connection-cleanup" daemon [_thread_blocked, id=11344, stack(0x000000ca87f00000,0x000000ca88000000)]
  0x00000250cb58d070 JavaThread "HikariPool-1 housekeeper" daemon [_thread_blocked, id=9768, stack(0x000000ca88100000,0x000000ca88200000)]
  0x00000250cb58db10 JavaThread "File Watcher" daemon [_thread_blocked, id=9580, stack(0x000000ca88200000,0x000000ca88300000)]
  0x00000250cb58bb30 JavaThread "Live Reload Server" daemon [_thread_in_native, id=4692, stack(0x000000ca88400000,0x000000ca88500000)]
  0x00000250cb58d5c0 JavaThread "http-nio-8080-exec-1" daemon [_thread_blocked, id=11424, stack(0x000000ca88300000,0x000000ca88400000)]
  0x00000250cb58b090 JavaThread "http-nio-8080-exec-2" daemon [_thread_blocked, id=10796, stack(0x000000ca88500000,0x000000ca88600000)]
  0x00000250cb58c5d0 JavaThread "http-nio-8080-exec-3" daemon [_thread_blocked, id=5084, stack(0x000000ca88600000,0x000000ca88700000)]
  0x00000250cb58b5e0 JavaThread "http-nio-8080-exec-4" daemon [_thread_blocked, id=10828, stack(0x000000ca88700000,0x000000ca88800000)]
  0x00000250cb58cb20 JavaThread "http-nio-8080-exec-5" daemon [_thread_blocked, id=10784, stack(0x000000ca88800000,0x000000ca88900000)]
  0x00000250cb58c080 JavaThread "http-nio-8080-exec-6" daemon [_thread_blocked, id=6828, stack(0x000000ca88900000,0x000000ca88a00000)]
  0x00000250cc6a6970 JavaThread "http-nio-8080-exec-7" daemon [_thread_blocked, id=4436, stack(0x000000ca88a00000,0x000000ca88b00000)]
  0x00000250cc6a5980 JavaThread "http-nio-8080-exec-8" daemon [_thread_blocked, id=5900, stack(0x000000ca88b00000,0x000000ca88c00000)]
  0x00000250cc6a6ec0 JavaThread "http-nio-8080-exec-9" daemon [_thread_blocked, id=6956, stack(0x000000ca88c00000,0x000000ca88d00000)]
  0x00000250cc6a39a0 JavaThread "http-nio-8080-exec-10" daemon [_thread_blocked, id=2272, stack(0x000000ca88d00000,0x000000ca88e00000)]
  0x00000250cc6a29b0 JavaThread "http-nio-8080-Poller" daemon [_thread_in_native, id=10328, stack(0x000000ca88e00000,0x000000ca88f00000)]
  0x00000250cc6a3450 JavaThread "http-nio-8080-Acceptor" daemon [_thread_in_native, id=2620, stack(0x000000ca88f00000,0x000000ca89000000)]
  0x00000250cc6a2f00 JavaThread "DestroyJavaVM" [_thread_blocked, id=7420, stack(0x000000ca86200000,0x000000ca86300000)]

Other Threads:
  0x00000250f5d8c9b0 VMThread "VM Thread" [stack: 0x000000ca86800000,0x000000ca86900000] [id=1636]
  0x00000250ca4fe460 WatcherThread "VM Periodic Task Thread" [stack: 0x000000ca87800000,0x000000ca87900000] [id=9564]
  0x00000250f5d0eff0 WorkerThread "GC Thread#0" [stack: 0x000000ca86300000,0x000000ca86400000] [id=1948]
  0x00000250ca4e1030 WorkerThread "GC Thread#1" [stack: 0x000000ca87400000,0x000000ca87500000] [id=10808]
  0x00000250ca4f1730 WorkerThread "GC Thread#2" [stack: 0x000000ca87500000,0x000000ca87600000] [id=6756]
  0x00000250ca4f1a00 WorkerThread "GC Thread#3" [stack: 0x000000ca87600000,0x000000ca87700000] [id=10768]
  0x00000250f5d17bd0 ConcurrentGCThread "G1 Main Marker" [stack: 0x000000ca86400000,0x000000ca86500000] [id=10456]
=>0x00000250f5d186b0 WorkerThread "G1 Conc#0" [stack: 0x000000ca86500000,0x000000ca86600000] [id=11308]
  0x00000250f5d69290 ConcurrentGCThread "G1 Refine#0" [stack: 0x000000ca86600000,0x000000ca86700000] [id=4912]
  0x00000250f5d69de0 ConcurrentGCThread "G1 Service" [stack: 0x000000ca86700000,0x000000ca86800000] [id=2736]

Threads with active compile tasks:

VM state: not at safepoint (normal execution)

VM Mutex/Monitor currently owned by a thread: None

Heap address: 0x00000000c1200000, size: 1006 MB, Compressed Oops mode: 32-bit

CDS archive(s) mapped at: [0x0000025085000000-0x0000025085c60000-0x0000025085c60000), size 12976128, SharedBaseAddress: 0x0000025085000000, ArchiveRelocationMode: 1.
Compressed class space mapped at: 0x0000025086000000-0x00000250c6000000, reserved size: 1073741824
Narrow klass base: 0x0000025085000000, Narrow klass shift: 0, Narrow klass range: 0x100000000

GC Precious Log:
 CardTable entry size: 512
 Card Set container configuration: InlinePtr #cards 5 size 8 Array Of Cards #cards 12 size 40 Howl #buckets 4 coarsen threshold 1843 Howl Bitmap #cards 512 size 80 coarsen threshold 460 Card regions per heap region 1 cards per card region 2048
 CPUs: 4 total, 4 available
 Memory: 4021M
 Large Page Support: Disabled
 NUMA Support: Disabled
 Compressed Oops: Enabled (32-bit)
 Heap Region Size: 1M
 Heap Min Capacity: 8M
 Heap Initial Capacity: 64M
 Heap Max Capacity: 1006M
 Pre-touch: Disabled
 Parallel Workers: 4
 Concurrent Workers: 1
 Concurrent Refinement Workers: 4
 Periodic GC: Disabled

Heap:
 garbage-first heap   total 67584K, used 32338K [0x00000000c1200000, 0x0000000100000000)
  region size 1024K, 3 young (3072K), 2 survivors (2048K)
 Metaspace       used 73236K, committed 74368K, reserved 1114112K
  class space    used 10407K, committed 10880K, reserved 1048576K

Heap Regions: E=young(eden), S=young(survivor), O=old, HS=humongous(starts), HC=humongous(continues), CS=collection set, F=free, OA=open archive, CA=closed archive, TAMS=top-at-mark-start, PB=parsable bottom
|   0|0x00000000c1200000, 0x00000000c1300000, 0x00000000c1300000|100%|HS|  |TAMS 0x00000000c1300000| PB 0x00000000c1200000| Complete 
|   1|0x00000000c1300000, 0x00000000c1400000, 0x00000000c1400000|100%| O|  |TAMS 0x00000000c1400000| PB 0x00000000c1300000| Untracked 
|   2|0x00000000c1400000, 0x00000000c1500000, 0x00000000c1500000|100%| O|  |TAMS 0x00000000c1500000| PB 0x00000000c1400000| Untracked 
|   3|0x00000000c1500000, 0x00000000c1600000, 0x00000000c1600000|100%| O|  |TAMS 0x00000000c1600000| PB 0x00000000c1500000| Untracked 
|   4|0x00000000c1600000, 0x00000000c1700000, 0x00000000c1700000|100%| O|  |TAMS 0x00000000c1700000| PB 0x00000000c1600000| Untracked 
|   5|0x00000000c1700000, 0x00000000c1800000, 0x00000000c1800000|100%| O|  |TAMS 0x00000000c1800000| PB 0x00000000c1700000| Untracked 
|   6|0x00000000c1800000, 0x00000000c1900000, 0x00000000c1900000|100%| O|  |TAMS 0x00000000c1900000| PB 0x00000000c1800000| Untracked 
|   7|0x00000000c1900000, 0x00000000c1a00000, 0x00000000c1a00000|100%| O|  |TAMS 0x00000000c1a00000| PB 0x00000000c1900000| Untracked 
|   8|0x00000000c1a00000, 0x00000000c1b00000, 0x00000000c1b00000|100%| O|  |TAMS 0x00000000c1b00000| PB 0x00000000c1a00000| Untracked 
|   9|0x00000000c1b00000, 0x00000000c1c00000, 0x00000000c1c00000|100%| O|  |TAMS 0x00000000c1c00000| PB 0x00000000c1b00000| Untracked 
|  10|0x00000000c1c00000, 0x00000000c1d00000, 0x00000000c1d00000|100%| O|  |TAMS 0x00000000c1d00000| PB 0x00000000c1c00000| Untracked 
|  11|0x00000000c1d00000, 0x00000000c1e00000, 0x00000000c1e00000|100%| O|  |TAMS 0x00000000c1e00000| PB 0x00000000c1d00000| Untracked 
|  12|0x00000000c1e00000, 0x00000000c1e00000, 0x00000000c1f00000|  0%| F|  |TAMS 0x00000000c1e00000| PB 0x00000000c1e00000| Untracked 
|  13|0x00000000c1f00000, 0x00000000c2000000, 0x00000000c2000000|100%| O|  |TAMS 0x00000000c2000000| PB 0x00000000c1f00000| Untracked 
|  14|0x00000000c2000000, 0x00000000c2100000, 0x00000000c2100000|100%| O|  |TAMS 0x00000000c2100000| PB 0x00000000c2000000| Untracked 
|  15|0x00000000c2100000, 0x00000000c2200000, 0x00000000c2200000|100%| O|  |TAMS 0x00000000c2200000| PB 0x00000000c2100000| Untracked 
|  16|0x00000000c2200000, 0x00000000c2300000, 0x00000000c2300000|100%| O|  |TAMS 0x00000000c2300000| PB 0x00000000c2200000| Untracked 
|  17|0x00000000c2300000, 0x00000000c2400000, 0x00000000c2400000|100%| O|  |TAMS 0x00000000c2400000| PB 0x00000000c2300000| Untracked 
|  18|0x00000000c2400000, 0x00000000c2500000, 0x00000000c2500000|100%| O|  |TAMS 0x00000000c2500000| PB 0x00000000c2400000| Untracked 
|  19|0x00000000c2500000, 0x00000000c2500000, 0x00000000c2600000|  0%| F|  |TAMS 0x00000000c2500000| PB 0x00000000c2500000| Untracked 
|  20|0x00000000c2600000, 0x00000000c26fba00, 0x00000000c2700000| 98%| O|  |TAMS 0x00000000c26fba00| PB 0x00000000c2600000| Untracked 
|  21|0x00000000c2700000, 0x00000000c2800000, 0x00000000c2800000|100%| O|  |TAMS 0x00000000c2800000| PB 0x00000000c2700000| Untracked 
|  22|0x00000000c2800000, 0x00000000c2900000, 0x00000000c2900000|100%| O|  |TAMS 0x00000000c2900000| PB 0x00000000c2800000| Untracked 
|  23|0x00000000c2900000, 0x00000000c2900000, 0x00000000c2a00000|  0%| F|  |TAMS 0x00000000c2900000| PB 0x00000000c2900000| Untracked 
|  24|0x00000000c2a00000, 0x00000000c2a00000, 0x00000000c2b00000|  0%| F|  |TAMS 0x00000000c2a00000| PB 0x00000000c2a00000| Untracked 
|  25|0x00000000c2b00000, 0x00000000c2c00000, 0x00000000c2c00000|100%| O|  |TAMS 0x00000000c2c00000| PB 0x00000000c2b00000| Untracked 
|  26|0x00000000c2c00000, 0x00000000c2d00000, 0x00000000c2d00000|100%| O|  |TAMS 0x00000000c2d00000| PB 0x00000000c2c00000| Untracked 
|  27|0x00000000c2d00000, 0x00000000c2e00000, 0x00000000c2e00000|100%| O|  |TAMS 0x00000000c2e00000| PB 0x00000000c2d00000| Untracked 
|  28|0x00000000c2e00000, 0x00000000c2f00000, 0x00000000c2f00000|100%| O|  |TAMS 0x00000000c2f00000| PB 0x00000000c2e00000| Untracked 
|  29|0x00000000c2f00000, 0x00000000c3000000, 0x00000000c3000000|100%| O|  |TAMS 0x00000000c3000000| PB 0x00000000c2f00000| Untracked 
|  30|0x00000000c3000000, 0x00000000c3000000, 0x00000000c3100000|  0%| F|  |TAMS 0x00000000c3000000| PB 0x00000000c3000000| Untracked 
|  31|0x00000000c3100000, 0x00000000c3100000, 0x00000000c3200000|  0%| F|  |TAMS 0x00000000c3100000| PB 0x00000000c3100000| Untracked 
|  32|0x00000000c3200000, 0x00000000c3300000, 0x00000000c3300000|100%| O|  |TAMS 0x00000000c3300000| PB 0x00000000c3200000| Untracked 
|  33|0x00000000c3300000, 0x00000000c3400000, 0x00000000c3400000|100%| O|  |TAMS 0x00000000c3400000| PB 0x00000000c3300000| Untracked 
|  34|0x00000000c3400000, 0x00000000c3500000, 0x00000000c3500000|100%| O|  |TAMS 0x00000000c3500000| PB 0x00000000c3400000| Untracked 
|  35|0x00000000c3500000, 0x00000000c3599100, 0x00000000c3600000| 59%| S|CS|TAMS 0x00000000c3500000| PB 0x00000000c3500000| Complete 
|  36|0x00000000c3600000, 0x00000000c3700000, 0x00000000c3700000|100%| S|CS|TAMS 0x00000000c3600000| PB 0x00000000c3600000| Complete 
|  37|0x00000000c3700000, 0x00000000c3700000, 0x00000000c3800000|  0%| F|  |TAMS 0x00000000c3700000| PB 0x00000000c3700000| Untracked 
|  38|0x00000000c3800000, 0x00000000c3800000, 0x00000000c3900000|  0%| F|  |TAMS 0x00000000c3800000| PB 0x00000000c3800000| Untracked 
|  39|0x00000000c3900000, 0x00000000c3900000, 0x00000000c3a00000|  0%| F|  |TAMS 0x00000000c3900000| PB 0x00000000c3900000| Untracked 
|  40|0x00000000c3a00000, 0x00000000c3a00000, 0x00000000c3b00000|  0%| F|  |TAMS 0x00000000c3a00000| PB 0x00000000c3a00000| Untracked 
|  41|0x00000000c3b00000, 0x00000000c3b00000, 0x00000000c3c00000|  0%| F|  |TAMS 0x00000000c3b00000| PB 0x00000000c3b00000| Untracked 
|  42|0x00000000c3c00000, 0x00000000c3c00000, 0x00000000c3d00000|  0%| F|  |TAMS 0x00000000c3c00000| PB 0x00000000c3c00000| Untracked 
|  43|0x00000000c3d00000, 0x00000000c3d00000, 0x00000000c3e00000|  0%| F|  |TAMS 0x00000000c3d00000| PB 0x00000000c3d00000| Untracked 
|  44|0x00000000c3e00000, 0x00000000c3e00000, 0x00000000c3f00000|  0%| F|  |TAMS 0x00000000c3e00000| PB 0x00000000c3e00000| Untracked 
|  45|0x00000000c3f00000, 0x00000000c3f00000, 0x00000000c4000000|  0%| F|  |TAMS 0x00000000c3f00000| PB 0x00000000c3f00000| Untracked 
|  46|0x00000000c4000000, 0x00000000c4000000, 0x00000000c4100000|  0%| F|  |TAMS 0x00000000c4000000| PB 0x00000000c4000000| Untracked 
|  47|0x00000000c4100000, 0x00000000c4100000, 0x00000000c4200000|  0%| F|  |TAMS 0x00000000c4100000| PB 0x00000000c4100000| Untracked 
|  48|0x00000000c4200000, 0x00000000c4200000, 0x00000000c4300000|  0%| F|  |TAMS 0x00000000c4200000| PB 0x00000000c4200000| Untracked 
|  49|0x00000000c4300000, 0x00000000c4300000, 0x00000000c4400000|  0%| F|  |TAMS 0x00000000c4300000| PB 0x00000000c4300000| Untracked 
|  50|0x00000000c4400000, 0x00000000c4400000, 0x00000000c4500000|  0%| F|  |TAMS 0x00000000c4400000| PB 0x00000000c4400000| Untracked 
|  51|0x00000000c4500000, 0x00000000c4500000, 0x00000000c4600000|  0%| F|  |TAMS 0x00000000c4500000| PB 0x00000000c4500000| Untracked 
|  52|0x00000000c4600000, 0x00000000c4600000, 0x00000000c4700000|  0%| F|  |TAMS 0x00000000c4600000| PB 0x00000000c4600000| Untracked 
|  53|0x00000000c4700000, 0x00000000c4700000, 0x00000000c4800000|  0%| F|  |TAMS 0x00000000c4700000| PB 0x00000000c4700000| Untracked 
|  54|0x00000000c4800000, 0x00000000c4800000, 0x00000000c4900000|  0%| F|  |TAMS 0x00000000c4800000| PB 0x00000000c4800000| Untracked 
|  55|0x00000000c4900000, 0x00000000c4900000, 0x00000000c4a00000|  0%| F|  |TAMS 0x00000000c4900000| PB 0x00000000c4900000| Untracked 
|  56|0x00000000c4a00000, 0x00000000c4a00000, 0x00000000c4b00000|  0%| F|  |TAMS 0x00000000c4a00000| PB 0x00000000c4a00000| Untracked 
|  57|0x00000000c4b00000, 0x00000000c4b00000, 0x00000000c4c00000|  0%| F|  |TAMS 0x00000000c4b00000| PB 0x00000000c4b00000| Untracked 
|  58|0x00000000c4c00000, 0x00000000c4c00000, 0x00000000c4d00000|  0%| F|  |TAMS 0x00000000c4c00000| PB 0x00000000c4c00000| Untracked 
|  59|0x00000000c4d00000, 0x00000000c4d00000, 0x00000000c4e00000|  0%| F|  |TAMS 0x00000000c4d00000| PB 0x00000000c4d00000| Untracked 
|  60|0x00000000c4e00000, 0x00000000c4e00000, 0x00000000c4f00000|  0%| F|  |TAMS 0x00000000c4e00000| PB 0x00000000c4e00000| Untracked 
|  61|0x00000000c4f00000, 0x00000000c4f00000, 0x00000000c5000000|  0%| F|  |TAMS 0x00000000c4f00000| PB 0x00000000c4f00000| Untracked 
|  62|0x00000000c5000000, 0x00000000c5000000, 0x00000000c5100000|  0%| F|  |TAMS 0x00000000c5000000| PB 0x00000000c5000000| Untracked 
|  63|0x00000000c5100000, 0x00000000c5100000, 0x00000000c5200000|  0%| F|  |TAMS 0x00000000c5100000| PB 0x00000000c5100000| Untracked 
|  64|0x00000000c5200000, 0x00000000c52018b8, 0x00000000c5300000|  0%| E|  |TAMS 0x00000000c5200000| PB 0x00000000c5200000| Complete 
|1005|0x00000000fff00000, 0x0000000100000000, 0x0000000100000000|100%| O|  |TAMS 0x0000000100000000| PB 0x00000000fff00000| Untracked 

Card table byte_map: [0x00000250fe000000,0x00000250fe200000] _byte_map_base: 0x00000250fd9f7000

Marking Bits: (CMBitMap*) 0x00000250f5d0f530
 Bits: [0x00000250fe400000, 0x00000250ff3b8000)

Polling page: 0x00000250f3ad0000

Metaspace:

Usage:
  Non-class:     61.36 MB used.
      Class:     10.16 MB used.
       Both:     71.52 MB used.

Virtual space:
  Non-class space:       64.00 MB reserved,      62.00 MB ( 97%) committed,  1 nodes.
      Class space:        1.00 GB reserved,      10.62 MB (  1%) committed,  1 nodes.
             Both:        1.06 GB reserved,      72.62 MB (  7%) committed. 

Chunk freelists:
   Non-Class:  1.74 MB
       Class:  1.54 MB
        Both:  3.28 MB

MaxMetaspaceSize: unlimited
CompressedClassSpaceSize: 1.00 GB
Initial GC threshold: 21.00 MB
Current GC threshold: 121.06 MB
CDS: on
MetaspaceReclaimPolicy: balanced
 - commit_granule_bytes: 65536.
 - commit_granule_words: 8192.
 - virtual_space_node_default_size: 8388608.
 - enlarge_chunks_in_place: 1.
 - new_chunks_are_fully_committed: 0.
 - uncommit_free_chunks: 1.
 - use_allocation_guard: 0.


Internal statistics:

num_allocs_failed_limit: 12.
num_arena_births: 1102.
num_arena_deaths: 362.
num_vsnodes_births: 2.
num_vsnodes_deaths: 0.
num_space_committed: 1162.
num_space_uncommitted: 0.
num_chunks_returned_to_freelist: 411.
num_chunks_taken_from_freelist: 3630.
num_chunk_merges: 103.
num_chunk_splits: 2652.
num_chunks_enlarged: 2102.
num_inconsistent_stats: 0.

CodeCache: size=49152Kb used=11622Kb max_used=13862Kb free=37529Kb
 bounds [0x0000025080000000, 0x0000025080e60000, 0x0000025083000000]
 total_blobs=7029 nmethods=6281 adapters=672
 compilation: enabled
              stopped_count=0, restarted_count=0
 full_count=0

Compilation events (20 events):
Event: 9527.168 Thread 0x00000250ff873050 8323       1       com.mysql.cj.protocol.a.NativeCapabilities::serverSupportsFracSecs (5 bytes)
Event: 9527.169 Thread 0x00000250cc8c8a50 nmethod 8328 0x000002508045e390 code [0x000002508045e500, 0x000002508045e5c8]
Event: 9527.169 Thread 0x00000250cc8c8a50 8324       1       com.mysql.cj.AbstractQuery::setCurrentDatabase (6 bytes)
Event: 9527.169 Thread 0x00000250ff873050 nmethod 8323 0x0000025080460a90 code [0x0000025080460c00, 0x0000025080460cd0]
Event: 9527.169 Thread 0x00000250ff873050 8325       1       com.mysql.cj.AbstractQuery::setResultType (6 bytes)
Event: 9527.169 Thread 0x00000250cc8c84c0 nmethod 8319 0x0000025080461b10 code [0x0000025080461c80, 0x0000025080461d48]
Event: 9527.169 Thread 0x00000250cc8c8a50 nmethod 8324 0x0000025080466190 code [0x0000025080466320, 0x0000025080466438]
Event: 9527.169 Thread 0x00000250ff873050 nmethod 8325 0x000002508046eb90 code [0x000002508046ed20, 0x000002508046ee38]
Event: 9527.169 Thread 0x00000250cc8c8a50 8329       1       org.apache.coyote.AbstractProtocol::getEndpoint (5 bytes)
Event: 9527.170 Thread 0x00000250ff873050 8330       1       java.lang.Integer::toHexString (6 bytes)
Event: 9527.170 Thread 0x00000250cc8c84c0 8331       1       java.lang.Integer::toUnsignedString0 (76 bytes)
Event: 9527.170 Thread 0x00000250cc8c8a50 nmethod 8329 0x0000025080475010 code [0x0000025080475180, 0x0000025080475248]
Event: 9527.170 Thread 0x00000250ff873050 nmethod 8330 0x000002508047e010 code [0x000002508047e1a0, 0x000002508047e260]
Event: 9527.170 Thread 0x00000250ff873050 8332       1       java.lang.Integer::formatUnsignedInt (40 bytes)
Event: 9527.170 Thread 0x00000250ff873050 nmethod 8332 0x0000025080466890 code [0x0000025080466a20, 0x0000025080466b48]
Event: 9527.171 Thread 0x00000250cc8c84c0 nmethod 8331 0x000002508075ee10 code [0x000002508075efc0, 0x000002508075f238]
Event: 9529.806 Thread 0x00000250ff873050 8333       1       org.apache.tomcat.util.threads.ThreadPoolExecutor::runStateAtLeast (11 bytes)
Event: 9529.806 Thread 0x00000250ff873050 nmethod 8333 0x0000025080489890 code [0x0000025080489a00, 0x0000025080489ac0]
Event: 9529.806 Thread 0x00000250cc8c8a50 8334       1       org.apache.tomcat.util.threads.TaskThread::getCreationTime (5 bytes)
Event: 9529.806 Thread 0x00000250cc8c8a50 nmethod 8334 0x000002508048d410 code [0x000002508048d580, 0x000002508048d648]

GC Heap History (20 events):
Event: 565.682 GC heap before
{Heap before GC invocations=21 (full 0):
 garbage-first heap   total 66560K, used 56846K [0x00000000c1200000, 0x0000000100000000)
  region size 1024K, 26 young (26624K), 3 survivors (3072K)
 Metaspace       used 73536K, committed 74368K, reserved 1114112K
  class space    used 10490K, committed 10880K, reserved 1048576K
}
Event: 565.700 GC heap after
{Heap after GC invocations=22 (full 0):
 garbage-first heap   total 66560K, used 34417K [0x00000000c1200000, 0x0000000100000000)
  region size 1024K, 3 young (3072K), 3 survivors (3072K)
 Metaspace       used 73536K, committed 74368K, reserved 1114112K
  class space    used 10490K, committed 10880K, reserved 1048576K
}
Event: 1355.448 GC heap before
{Heap before GC invocations=23 (full 0):
 garbage-first heap   total 66560K, used 57969K [0x00000000c1200000, 0x0000000100000000)
  region size 1024K, 26 young (26624K), 3 survivors (3072K)
 Metaspace       used 73234K, committed 74368K, reserved 1114112K
  class space    used 10408K, committed 10880K, reserved 1048576K
}
Event: 1355.467 GC heap after
{Heap after GC invocations=24 (full 0):
 garbage-first heap   total 66560K, used 33860K [0x00000000c1200000, 0x0000000100000000)
  region size 1024K, 2 young (2048K), 2 survivors (2048K)
 Metaspace       used 73234K, committed 74368K, reserved 1114112K
  class space    used 10408K, committed 10880K, reserved 1048576K
}
Event: 2076.423 GC heap before
{Heap before GC invocations=24 (full 0):
 garbage-first heap   total 66560K, used 58436K [0x00000000c1200000, 0x0000000100000000)
  region size 1024K, 27 young (27648K), 2 survivors (2048K)
 Metaspace       used 73254K, committed 74368K, reserved 1114112K
  class space    used 10413K, committed 10880K, reserved 1048576K
}
Event: 2076.450 GC heap after
{Heap after GC invocations=25 (full 0):
 garbage-first heap   total 67584K, used 32254K [0x00000000c1200000, 0x0000000100000000)
  region size 1024K, 3 young (3072K), 3 survivors (3072K)
 Metaspace       used 73254K, committed 74368K, reserved 1114112K
  class space    used 10413K, committed 10880K, reserved 1048576K
}
Event: 3004.822 GC heap before
{Heap before GC invocations=25 (full 0):
 garbage-first heap   total 67584K, used 59902K [0x00000000c1200000, 0x0000000100000000)
  region size 1024K, 30 young (30720K), 3 survivors (3072K)
 Metaspace       used 73254K, committed 74368K, reserved 1114112K
  class space    used 10413K, committed 10880K, reserved 1048576K
}
Event: 3004.890 GC heap after
{Heap after GC invocations=26 (full 0):
 garbage-first heap   total 67584K, used 32482K [0x00000000c1200000, 0x0000000100000000)
  region size 1024K, 1 young (1024K), 1 survivors (1024K)
 Metaspace       used 73254K, committed 74368K, reserved 1114112K
  class space    used 10413K, committed 10880K, reserved 1048576K
}
Event: 3858.202 GC heap before
{Heap before GC invocations=27 (full 0):
 garbage-first heap   total 67584K, used 62178K [0x00000000c1200000, 0x0000000100000000)
  region size 1024K, 30 young (30720K), 1 survivors (1024K)
 Metaspace       used 73258K, committed 74368K, reserved 1114112K
  class space    used 10414K, committed 10880K, reserved 1048576K
}
Event: 3858.216 GC heap after
{Heap after GC invocations=28 (full 0):
 garbage-first heap   total 67584K, used 32794K [0x00000000c1200000, 0x0000000100000000)
  region size 1024K, 2 young (2048K), 2 survivors (2048K)
 Metaspace       used 73258K, committed 74368K, reserved 1114112K
  class space    used 10414K, committed 10880K, reserved 1048576K
}
Event: 4787.571 GC heap before
{Heap before GC invocations=28 (full 0):
 garbage-first heap   total 67584K, used 60442K [0x00000000c1200000, 0x0000000100000000)
  region size 1024K, 29 young (29696K), 2 survivors (2048K)
 Metaspace       used 73258K, committed 74368K, reserved 1114112K
  class space    used 10414K, committed 10880K, reserved 1048576K
}
Event: 4787.600 GC heap after
{Heap after GC invocations=29 (full 0):
 garbage-first heap   total 67584K, used 32240K [0x00000000c1200000, 0x0000000100000000)
  region size 1024K, 1 young (1024K), 1 survivors (1024K)
 Metaspace       used 73258K, committed 74368K, reserved 1114112K
  class space    used 10414K, committed 10880K, reserved 1048576K
}
Event: 5644.297 GC heap before
{Heap before GC invocations=29 (full 0):
 garbage-first heap   total 67584K, used 61936K [0x00000000c1200000, 0x0000000100000000)
  region size 1024K, 30 young (30720K), 1 survivors (1024K)
 Metaspace       used 73260K, committed 74368K, reserved 1114112K
  class space    used 10414K, committed 10880K, reserved 1048576K
}
Event: 5644.310 GC heap after
{Heap after GC invocations=30 (full 0):
 garbage-first heap   total 67584K, used 32525K [0x00000000c1200000, 0x0000000100000000)
  region size 1024K, 2 young (2048K), 2 survivors (2048K)
 Metaspace       used 73260K, committed 74368K, reserved 1114112K
  class space    used 10414K, committed 10880K, reserved 1048576K
}
Event: 6573.956 GC heap before
{Heap before GC invocations=31 (full 0):
 garbage-first heap   total 67584K, used 60173K [0x00000000c1200000, 0x0000000100000000)
  region size 1024K, 29 young (29696K), 2 survivors (2048K)
 Metaspace       used 73234K, committed 74368K, reserved 1114112K
  class space    used 10407K, committed 10880K, reserved 1048576K
}
Event: 6573.963 GC heap after
{Heap after GC invocations=32 (full 0):
 garbage-first heap   total 67584K, used 32240K [0x00000000c1200000, 0x0000000100000000)
  region size 1024K, 1 young (1024K), 1 survivors (1024K)
 Metaspace       used 73234K, committed 74368K, reserved 1114112K
  class space    used 10407K, committed 10880K, reserved 1048576K
}
Event: 7411.472 GC heap before
{Heap before GC invocations=32 (full 0):
 garbage-first heap   total 67584K, used 61936K [0x00000000c1200000, 0x0000000100000000)
  region size 1024K, 30 young (30720K), 1 survivors (1024K)
 Metaspace       used 73236K, committed 74368K, reserved 1114112K
  class space    used 10407K, committed 10880K, reserved 1048576K
}
Event: 7411.495 GC heap after
{Heap after GC invocations=33 (full 0):
 garbage-first heap   total 67584K, used 32076K [0x00000000c1200000, 0x0000000100000000)
  region size 1024K, 2 young (2048K), 2 survivors (2048K)
 Metaspace       used 73236K, committed 74368K, reserved 1114112K
  class space    used 10407K, committed 10880K, reserved 1048576K
}
Event: 9589.981 GC heap before
{Heap before GC invocations=33 (full 0):
 garbage-first heap   total 67584K, used 60748K [0x00000000c1200000, 0x0000000100000000)
  region size 1024K, 30 young (30720K), 2 survivors (2048K)
 Metaspace       used 73236K, committed 74368K, reserved 1114112K
  class space    used 10407K, committed 10880K, reserved 1048576K
}
Event: 9590.063 GC heap after
{Heap after GC invocations=34 (full 0):
 garbage-first heap   total 67584K, used 32338K [0x00000000c1200000, 0x0000000100000000)
  region size 1024K, 2 young (2048K), 2 survivors (2048K)
 Metaspace       used 73236K, committed 74368K, reserved 1114112K
  class space    used 10407K, committed 10880K, reserved 1048576K
}

Dll operation events (14 events):
Event: 0.032 Loaded shared library C:\Users\Toshiba\.jdks\corretto-20.0.2.1\bin\java.dll
Event: 0.198 Loaded shared library C:\Users\Toshiba\.jdks\corretto-20.0.2.1\bin\jsvml.dll
Event: 0.690 Loaded shared library C:\Users\Toshiba\.jdks\corretto-20.0.2.1\bin\zip.dll
Event: 0.698 Loaded shared library C:\Users\Toshiba\.jdks\corretto-20.0.2.1\bin\instrument.dll
Event: 0.708 Loaded shared library C:\Users\Toshiba\.jdks\corretto-20.0.2.1\bin\net.dll
Event: 0.714 Loaded shared library C:\Users\Toshiba\.jdks\corretto-20.0.2.1\bin\nio.dll
Event: 0.719 Loaded shared library C:\Users\Toshiba\.jdks\corretto-20.0.2.1\bin\zip.dll
Event: 0.910 Loaded shared library C:\Intel\IntelliJ IDEA 2024.1\bin\breakgen64.dll
Event: 0.922 Loaded shared library C:\Users\Toshiba\.jdks\corretto-20.0.2.1\bin\jimage.dll
Event: 0.936 Loaded shared library C:\Users\Toshiba\.jdks\corretto-20.0.2.1\bin\extnet.dll
Event: 0.966 Loaded shared library C:\Users\Toshiba\.jdks\corretto-20.0.2.1\bin\management.dll
Event: 1.015 Loaded shared library C:\Users\Toshiba\.jdks\corretto-20.0.2.1\bin\management_ext.dll
Event: 4.688 Loaded shared library C:\Users\Toshiba\.jdks\corretto-20.0.2.1\bin\sunmscapi.dll
Event: 8.002 Loaded shared library C:\Users\Toshiba\.jdks\corretto-20.0.2.1\bin\verify.dll

Deoptimization events (20 events):
Event: 4.207 Thread 0x00000250ca93c200 DEOPT PACKING pc=0x00000250804e4579 sp=0x000000ca87afd100
Event: 4.207 Thread 0x00000250ca93c200 DEOPT UNPACKING pc=0x000002508006a4c2 sp=0x000000ca87afc5e0 mode 3
Event: 6.322 Thread 0x00000250ca93c200 DEOPT PACKING pc=0x000002508071a374 sp=0x000000ca87afcf30
Event: 6.322 Thread 0x00000250ca93c200 DEOPT UNPACKING pc=0x000002508006a4c2 sp=0x000000ca87afc3e8 mode 0
Event: 7.211 Thread 0x00000250ca93c200 DEOPT PACKING pc=0x000002508083d06d sp=0x000000ca87afc510
Event: 7.212 Thread 0x00000250ca93c200 DEOPT UNPACKING pc=0x000002508006a4c2 sp=0x000000ca87afba78 mode 3
Event: 12.923 Thread 0x00000250ca93c200 DEOPT PACKING pc=0x00000250805ae994 sp=0x000000ca87afce20
Event: 12.923 Thread 0x00000250ca93c200 DEOPT UNPACKING pc=0x000002508006a4c2 sp=0x000000ca87afc378 mode 0
Event: 14.443 Thread 0x00000250ca93c200 DEOPT PACKING pc=0x00000250805f9c31 sp=0x000000ca87afdc00
Event: 14.443 Thread 0x00000250ca93c200 DEOPT UNPACKING pc=0x000002508006a4c2 sp=0x000000ca87afd108 mode 3
Event: 14.445 Thread 0x00000250ca93c200 DEOPT PACKING pc=0x00000250805b2844 sp=0x000000ca87afdb50
Event: 14.445 Thread 0x00000250ca93c200 DEOPT UNPACKING pc=0x000002508006a4c2 sp=0x000000ca87afd108 mode 3
Event: 14.445 Thread 0x00000250ca93c200 DEOPT PACKING pc=0x00000250805a4dea sp=0x000000ca87afdbc0
Event: 14.445 Thread 0x00000250ca93c200 DEOPT UNPACKING pc=0x000002508006a4c2 sp=0x000000ca87afd108 mode 3
Event: 99.502 Thread 0x00000250cb58c5d0 DEOPT PACKING pc=0x000002508055035c sp=0x000000ca886fc920
Event: 99.504 Thread 0x00000250cb58c5d0 DEOPT UNPACKING pc=0x000002508006a4c2 sp=0x000000ca886fbde0 mode 0
Event: 107.148 Thread 0x00000250cb58b5e0 DEOPT PACKING pc=0x000002508016f653 sp=0x000000ca887fc7b0
Event: 107.148 Thread 0x00000250cb58b5e0 DEOPT UNPACKING pc=0x000002508006a4c2 sp=0x000000ca887fbcd0 mode 3
Event: 130.925 Thread 0x00000250cc6a39a0 DEOPT PACKING pc=0x000002508012e28e sp=0x000000ca88dfc570
Event: 130.925 Thread 0x00000250cc6a39a0 DEOPT UNPACKING pc=0x000002508006a4c2 sp=0x000000ca88dfba78 mode 3

Classes loaded (20 events):
Event: 99.415 Loading class java/util/OptionalDouble
Event: 99.416 Loading class java/util/OptionalDouble done
Event: 99.442 Loading class java/util/stream/LongStream
Event: 99.442 Loading class java/util/stream/LongStream done
Event: 99.442 Loading class java/util/stream/DoubleStream
Event: 99.443 Loading class java/util/stream/DoubleStream done
Event: 99.465 Loading class org/w3c/dom/Node
Event: 99.466 Loading class org/w3c/dom/Node done
Event: 99.466 Loading class org/w3c/dom/Document
Event: 99.467 Loading class org/w3c/dom/Document done
Event: 103.349 Loading class java/io/PushbackInputStream
Event: 103.349 Loading class java/io/PushbackInputStream done
Event: 1766.905 Loading class sun/security/ssl/Alert
Event: 1766.906 Loading class sun/security/ssl/Alert done
Event: 1766.908 Loading class sun/security/ssl/Alert$AlertConsumer
Event: 1766.909 Loading class sun/security/ssl/Alert$AlertConsumer done
Event: 1766.909 Loading class sun/security/ssl/Alert$Level
Event: 1766.909 Loading class sun/security/ssl/Alert$Level done
Event: 1766.911 Loading class sun/net/ConnectionResetException
Event: 1766.911 Loading class sun/net/ConnectionResetException done

Classes unloaded (20 events):
Event: 565.823 Thread 0x00000250f5d8c9b0 Unloading class 0x0000025086004000 'java/lang/invoke/LambdaForm$MH+0x0000025086004000'
Event: 565.823 Thread 0x00000250f5d8c9b0 Unloading class 0x0000025086002400 'java/lang/invoke/LambdaForm$MH+0x0000025086002400'
Event: 565.823 Thread 0x00000250f5d8c9b0 Unloading class 0x0000025086002000 'java/lang/invoke/LambdaForm$MH+0x0000025086002000'
Event: 565.823 Thread 0x00000250f5d8c9b0 Unloading class 0x0000025086001c00 'java/lang/invoke/LambdaForm$MH+0x0000025086001c00'
Event: 565.823 Thread 0x00000250f5d8c9b0 Unloading class 0x0000025086001400 'java/lang/invoke/LambdaForm$MH+0x0000025086001400'
Event: 5644.382 Thread 0x00000250f5d8c9b0 Unloading class 0x0000025086a6a000 'java/lang/invoke/LambdaForm$MH+0x0000025086a6a000'
Event: 5644.382 Thread 0x00000250f5d8c9b0 Unloading class 0x0000025086a69c00 'java/lang/invoke/LambdaForm$MH+0x0000025086a69c00'
Event: 5644.382 Thread 0x00000250f5d8c9b0 Unloading class 0x0000025086a68c00 'java/lang/invoke/LambdaForm$MH+0x0000025086a68c00'
Event: 5644.382 Thread 0x00000250f5d8c9b0 Unloading class 0x0000025086a68800 'java/lang/invoke/LambdaForm$BMH+0x0000025086a68800'
Event: 5644.383 Thread 0x00000250f5d8c9b0 Unloading class 0x0000025086a4d400 'java/lang/invoke/LambdaForm$BMH+0x0000025086a4d400'
Event: 5644.383 Thread 0x00000250f5d8c9b0 Unloading class 0x0000025086a4c800 'java/lang/invoke/LambdaForm$BMH+0x0000025086a4c800'
Event: 5644.383 Thread 0x00000250f5d8c9b0 Unloading class 0x0000025086a44400 'java/lang/invoke/LambdaForm$MH+0x0000025086a44400'
Event: 5644.384 Thread 0x00000250f5d8c9b0 Unloading class 0x00000250869dac00 'java/lang/invoke/LambdaForm$MH+0x00000250869dac00'
Event: 5644.384 Thread 0x00000250f5d8c9b0 Unloading class 0x00000250869da000 'java/lang/invoke/LambdaForm$MH+0x00000250869da000'
Event: 5644.384 Thread 0x00000250f5d8c9b0 Unloading class 0x00000250869d9c00 'java/lang/invoke/LambdaForm$MH+0x00000250869d9c00'
Event: 5644.384 Thread 0x00000250f5d8c9b0 Unloading class 0x00000250869d9800 'java/lang/invoke/LambdaForm$MH+0x00000250869d9800'
Event: 5644.384 Thread 0x00000250f5d8c9b0 Unloading class 0x00000250869d9400 'java/lang/invoke/LambdaForm$MH+0x00000250869d9400'
Event: 5644.384 Thread 0x00000250f5d8c9b0 Unloading class 0x00000250869d8800 'java/lang/invoke/LambdaForm$MH+0x00000250869d8800'
Event: 5644.384 Thread 0x00000250f5d8c9b0 Unloading class 0x00000250869d8400 'java/lang/invoke/LambdaForm$MH+0x00000250869d8400'
Event: 5644.384 Thread 0x00000250f5d8c9b0 Unloading class 0x00000250869d8000 'java/lang/invoke/LambdaForm$MH+0x00000250869d8000'

Classes redefined (0 events):
No events

Internal exceptions (20 events):
Event: 3577.855 Thread 0x00000250cc6a2460 Exception <a 'java/net/SocketException'{0x00000000c40cc960}: Connection reset by peer: shutdown> (0x00000000c40cc960) 
thrown [s\src\hotspot\share\prims\jni.cpp, line 538]
Event: 5336.730 Thread 0x00000250cc6a8ea0 Exception <a 'java/io/IOException'{0x00000000c4283c40}> (0x00000000c4283c40) 
thrown [s\src\hotspot\share\prims\jni.cpp, line 519]
Event: 5340.852 Thread 0x00000250cc6a8ea0 Exception <a 'java/io/IOException'{0x00000000c42866c0}> (0x00000000c42866c0) 
thrown [s\src\hotspot\share\prims\jni.cpp, line 519]
Event: 5340.852 Thread 0x00000250cc6a8ea0 Exception <a 'java/io/IOException'{0x00000000c4286d10}> (0x00000000c4286d10) 
thrown [s\src\hotspot\share\prims\jni.cpp, line 519]
Event: 5344.471 Thread 0x00000250cc6a8ea0 Exception <a 'java/io/IOException'{0x00000000c4288550}> (0x00000000c4288550) 
thrown [s\src\hotspot\share\prims\jni.cpp, line 519]
Event: 5344.471 Thread 0x00000250cc6a8ea0 Exception <a 'java/io/IOException'{0x00000000c4288ba0}> (0x00000000c4288ba0) 
thrown [s\src\hotspot\share\prims\jni.cpp, line 519]
Event: 5360.246 Thread 0x00000250cc6a7410 Exception <a 'java/io/IOException'{0x00000000c3e13d80}> (0x00000000c3e13d80) 
thrown [s\src\hotspot\share\prims\jni.cpp, line 519]
Event: 5360.247 Thread 0x00000250cc6a7410 Exception <a 'java/io/IOException'{0x00000000c3e143d0}> (0x00000000c3e143d0) 
thrown [s\src\hotspot\share\prims\jni.cpp, line 519]
Event: 5361.387 Thread 0x00000250cc6a7410 Exception <a 'java/io/IOException'{0x00000000c3e15c10}> (0x00000000c3e15c10) 
thrown [s\src\hotspot\share\prims\jni.cpp, line 519]
Event: 5361.387 Thread 0x00000250cc6a7410 Exception <a 'java/io/IOException'{0x00000000c3e16260}> (0x00000000c3e16260) 
thrown [s\src\hotspot\share\prims\jni.cpp, line 519]
Event: 7066.046 Thread 0x00000250cc6a2460 Exception <a 'java/io/IOException'{0x00000000c44836a0}> (0x00000000c44836a0) 
thrown [s\src\hotspot\share\prims\jni.cpp, line 519]
Event: 7105.199 Thread 0x00000250cc6a4990 Exception <a 'java/net/SocketException'{0x00000000c42036d0}: Connection reset by peer: shutdown> (0x00000000c42036d0) 
thrown [s\src\hotspot\share\prims\jni.cpp, line 538]
Event: 8940.602 Thread 0x00000250cc6a4440 Exception <a 'java/io/IOException'{0x00000000c4d04878}> (0x00000000c4d04878) 
thrown [s\src\hotspot\share\prims\jni.cpp, line 519]
Event: 8940.604 Thread 0x00000250cc6a4440 Exception <a 'java/io/IOException'{0x00000000c4d072b8}> (0x00000000c4d072b8) 
thrown [s\src\hotspot\share\prims\jni.cpp, line 519]
Event: 8940.604 Thread 0x00000250cc6a4440 Exception <a 'java/io/IOException'{0x00000000c4d07908}> (0x00000000c4d07908) 
thrown [s\src\hotspot\share\prims\jni.cpp, line 519]
Event: 8940.606 Thread 0x00000250cc6a4440 Exception <a 'java/io/IOException'{0x00000000c4d0a370}> (0x00000000c4d0a370) 
thrown [s\src\hotspot\share\prims\jni.cpp, line 519]
Event: 8940.606 Thread 0x00000250cc6a4440 Exception <a 'java/io/IOException'{0x00000000c4d0bbb8}> (0x00000000c4d0bbb8) 
thrown [s\src\hotspot\share\prims\jni.cpp, line 519]
Event: 8940.607 Thread 0x00000250cc6a4440 Exception <a 'java/net/SocketException'{0x00000000c4d0d3b0}: Connection reset by peer: shutdown> (0x00000000c4d0d3b0) 
thrown [s\src\hotspot\share\prims\jni.cpp, line 538]
Event: 8940.607 Thread 0x00000250cc6a4440 Exception <a 'sun/net/ConnectionResetException'{0x00000000c4d0e8e0}: Connection reset> (0x00000000c4d0e8e0) 
thrown [s\src\hotspot\share\prims\jni.cpp, line 538]
Event: 8940.608 Thread 0x00000250cc6a4440 Exception <a 'java/io/IOException'{0x00000000c4d10128}> (0x00000000c4d10128) 
thrown [s\src\hotspot\share\prims\jni.cpp, line 519]

VM Operations (20 events):
Event: 7105.278 Executing VM operation: Cleanup
Event: 7105.279 Executing VM operation: Cleanup done
Event: 7107.297 Executing VM operation: Cleanup
Event: 7107.312 Executing VM operation: Cleanup done
Event: 7134.684 Executing VM operation: Cleanup
Event: 7134.684 Executing VM operation: Cleanup done
Event: 7411.472 Executing VM operation: G1CollectForAllocation
Event: 7411.495 Executing VM operation: G1CollectForAllocation done
Event: 8940.802 Executing VM operation: Cleanup
Event: 8940.802 Executing VM operation: Cleanup done
Event: 8941.817 Executing VM operation: Cleanup
Event: 8941.817 Executing VM operation: Cleanup done
Event: 9527.101 Executing VM operation: Cleanup
Event: 9527.102 Executing VM operation: Cleanup done
Event: 9528.116 Executing VM operation: Cleanup
Event: 9528.116 Executing VM operation: Cleanup done
Event: 9582.117 Executing VM operation: HandshakeAllThreads
Event: 9582.117 Executing VM operation: HandshakeAllThreads done
Event: 9589.963 Executing VM operation: G1CollectForAllocation
Event: 9590.064 Executing VM operation: G1CollectForAllocation done

Events (20 events):
Event: 7128.963 Thread 0x00000250cc8cb6d0 Thread added: 0x00000250cc8cb6d0
Event: 7128.963 Thread 0x00000250cc8cc1f0 Thread added: 0x00000250cc8cc1f0
Event: 7133.934 Thread 0x00000250cc6a7eb0 Thread exited: 0x00000250cc6a7eb0
Event: 7133.965 Thread 0x00000250cc8cc1f0 Thread exited: 0x00000250cc8cc1f0
Event: 7133.981 Thread 0x00000250cc6a8950 Thread exited: 0x00000250cc6a8950
Event: 7134.340 Thread 0x00000250cc6a4440 Thread added: 0x00000250cc6a4440
Event: 7134.340 Thread 0x00000250cc6a4990 Thread added: 0x00000250cc6a4990
Event: 7134.341 Thread 0x00000250cc8cb6d0 Thread exited: 0x00000250cc8cb6d0
Event: 7140.793 Thread 0x00000250cc6a4440 Thread exited: 0x00000250cc6a4440
Event: 7140.855 Thread 0x00000250cc6a4990 Thread exited: 0x00000250cc6a4990
Event: 8940.600 Thread 0x00000250cc6a4440 Thread added: 0x00000250cc6a4440
Event: 8940.600 Thread 0x00000250cc6a4990 Thread added: 0x00000250cc6a4990
Event: 8940.751 Thread 0x00000250cc8cc780 Thread added: 0x00000250cc8cc780
Event: 8945.612 Thread 0x00000250cc6a4440 Thread exited: 0x00000250cc6a4440
Event: 8945.883 Thread 0x00000250cc8cc780 Thread exited: 0x00000250cc8cc780
Event: 8945.917 Thread 0x00000250cc6a4990 Thread exited: 0x00000250cc6a4990
Event: 9527.160 Thread 0x00000250cc8c8a50 Thread added: 0x00000250cc8c8a50
Event: 9527.163 Thread 0x00000250cc8c84c0 Thread added: 0x00000250cc8c84c0
Event: 9529.806 Thread 0x00000250cc8c84c0 Thread exited: 0x00000250cc8c84c0
Event: 9534.809 Thread 0x00000250cc8c8a50 Thread exited: 0x00000250cc8c8a50


Dynamic libraries:
0x00007ff666670000 - 0x00007ff66667e000 	C:\Users\Toshiba\.jdks\corretto-20.0.2.1\bin\java.exe
0x00007fffb8510000 - 0x00007fffb8708000 	C:\Windows\SYSTEM32\ntdll.dll
0x00007fffb6fb0000 - 0x00007fffb706d000 	C:\Windows\System32\KERNEL32.DLL
0x00007fffb5d40000 - 0x00007fffb6036000 	C:\Windows\System32\KERNELBASE.dll
0x00007fffb63f0000 - 0x00007fffb64f0000 	C:\Windows\System32\ucrtbase.dll
0x00007fff9fc60000 - 0x00007fff9fc77000 	C:\Users\Toshiba\.jdks\corretto-20.0.2.1\bin\jli.dll
0x00007fffb6540000 - 0x00007fffb66df000 	C:\Windows\System32\USER32.dll
0x00007fffb5d10000 - 0x00007fffb5d32000 	C:\Windows\System32\win32u.dll
0x00007fffb7700000 - 0x00007fffb772b000 	C:\Windows\System32\GDI32.dll
0x00007fffb6170000 - 0x00007fffb6287000 	C:\Windows\System32\gdi32full.dll
0x00007fffb5bc0000 - 0x00007fffb5c5d000 	C:\Windows\System32\msvcp_win.dll
0x00007fffa18b0000 - 0x00007fffa18cb000 	C:\Users\Toshiba\.jdks\corretto-20.0.2.1\bin\VCRUNTIME140.dll
0x00007fffa7f30000 - 0x00007fffa81ca000 	C:\Windows\WinSxS\amd64_microsoft.windows.common-controls_6595b64144ccf1df_6.0.19041.4355_none_60b8b9eb71f62e16\COMCTL32.dll
0x00007fffb83d0000 - 0x00007fffb846e000 	C:\Windows\System32\msvcrt.dll
0x00007fffb71b0000 - 0x00007fffb71e2000 	C:\Windows\System32\IMM32.DLL
0x00007fffb1de0000 - 0x00007fffb1dec000 	C:\Users\Toshiba\.jdks\corretto-20.0.2.1\bin\vcruntime140_1.dll
0x00007fff89800000 - 0x00007fff8988e000 	C:\Users\Toshiba\.jdks\corretto-20.0.2.1\bin\msvcp140.dll
0x00007fff4c3f0000 - 0x00007fff4d0f4000 	C:\Users\Toshiba\.jdks\corretto-20.0.2.1\bin\server\jvm.dll
0x00007fffb7aa0000 - 0x00007fffb7b50000 	C:\Windows\System32\ADVAPI32.dll
0x00007fffb6ee0000 - 0x00007fffb6f80000 	C:\Windows\System32\sechost.dll
0x00007fffb6770000 - 0x00007fffb6893000 	C:\Windows\System32\RPCRT4.dll
0x00007fffb6040000 - 0x00007fffb6067000 	C:\Windows\System32\bcrypt.dll
0x00007fffabf70000 - 0x00007fffabf97000 	C:\Windows\SYSTEM32\WINMM.dll
0x00007fffb1e60000 - 0x00007fffb1e69000 	C:\Windows\SYSTEM32\WSOCK32.dll
0x00007fffb70e0000 - 0x00007fffb714b000 	C:\Windows\System32\WS2_32.dll
0x00007fffaec10000 - 0x00007fffaec1a000 	C:\Windows\SYSTEM32\VERSION.dll
0x00007fffb3a40000 - 0x00007fffb3a52000 	C:\Windows\SYSTEM32\kernel.appcore.dll
0x00007fffa6090000 - 0x00007fffa609a000 	C:\Users\Toshiba\.jdks\corretto-20.0.2.1\bin\jimage.dll
0x00007fffb07b0000 - 0x00007fffb0994000 	C:\Windows\SYSTEM32\DBGHELP.DLL
0x00007fffb06a0000 - 0x00007fffb06d4000 	C:\Windows\SYSTEM32\dbgcore.DLL
0x00007fffb60e0000 - 0x00007fffb6162000 	C:\Windows\System32\bcryptPrimitives.dll
0x00007fffa5d00000 - 0x00007fffa5d0e000 	C:\Users\Toshiba\.jdks\corretto-20.0.2.1\bin\instrument.dll
0x00007fff99eb0000 - 0x00007fff99ed6000 	C:\Users\Toshiba\.jdks\corretto-20.0.2.1\bin\java.dll
0x00007fff88f70000 - 0x00007fff89047000 	C:\Users\Toshiba\.jdks\corretto-20.0.2.1\bin\jsvml.dll
0x00007fffb7c60000 - 0x00007fffb83cb000 	C:\Windows\System32\SHELL32.dll
0x00007fffb3c40000 - 0x00007fffb43dd000 	C:\Windows\SYSTEM32\windows.storage.dll
0x00007fffb7730000 - 0x00007fffb7a83000 	C:\Windows\System32\combase.dll
0x00007fffb5510000 - 0x00007fffb553e000 	C:\Windows\SYSTEM32\Wldp.dll
0x00007fffb7270000 - 0x00007fffb733d000 	C:\Windows\System32\OLEAUT32.dll
0x00007fffb69c0000 - 0x00007fffb6a6d000 	C:\Windows\System32\SHCORE.dll
0x00007fffb8470000 - 0x00007fffb84c5000 	C:\Windows\System32\shlwapi.dll
0x00007fffb5af0000 - 0x00007fffb5b14000 	C:\Windows\SYSTEM32\profapi.dll
0x00007fff98ec0000 - 0x00007fff98ed8000 	C:\Users\Toshiba\.jdks\corretto-20.0.2.1\bin\zip.dll
0x00007fff98e00000 - 0x00007fff98e13000 	C:\Users\Toshiba\.jdks\corretto-20.0.2.1\bin\net.dll
0x00007fffaf8d0000 - 0x00007fffaf9da000 	C:\Windows\SYSTEM32\WINHTTP.dll
0x00007fffb5270000 - 0x00007fffb52da000 	C:\Windows\system32\mswsock.dll
0x00007fff98de0000 - 0x00007fff98df6000 	C:\Users\Toshiba\.jdks\corretto-20.0.2.1\bin\nio.dll
0x00007fff8ea10000 - 0x00007fff8ea2a000 	C:\Intel\IntelliJ IDEA 2024.1\bin\breakgen64.dll
0x00007fffa57b0000 - 0x00007fffa57b7000 	C:\Users\Toshiba\.jdks\corretto-20.0.2.1\bin\extnet.dll
0x00007fffb4f90000 - 0x00007fffb505b000 	C:\Windows\SYSTEM32\DNSAPI.dll
0x00007fffb4f50000 - 0x00007fffb4f8b000 	C:\Windows\SYSTEM32\IPHLPAPI.DLL
0x00007fffb70d0000 - 0x00007fffb70d8000 	C:\Windows\System32\NSI.dll
0x00007fffada80000 - 0x00007fffada8a000 	C:\Windows\System32\rasadhlp.dll
0x00007fffae260000 - 0x00007fffae2e0000 	C:\Windows\System32\fwpuclnt.dll
0x00007fffa0100000 - 0x00007fffa010a000 	C:\Users\Toshiba\.jdks\corretto-20.0.2.1\bin\management.dll
0x00007fff9ffe0000 - 0x00007fff9ffeb000 	C:\Users\Toshiba\.jdks\corretto-20.0.2.1\bin\management_ext.dll
0x00007fffb7a90000 - 0x00007fffb7a98000 	C:\Windows\System32\PSAPI.DLL
0x00007fffb5470000 - 0x00007fffb5488000 	C:\Windows\SYSTEM32\CRYPTSP.dll
0x00007fffb4b90000 - 0x00007fffb4bc4000 	C:\Windows\system32\rsaenh.dll
0x00007fffb5a60000 - 0x00007fffb5a8e000 	C:\Windows\SYSTEM32\USERENV.dll
0x00007fffb5460000 - 0x00007fffb546c000 	C:\Windows\SYSTEM32\CRYPTBASE.dll
0x00007fffb0090000 - 0x00007fffb00a7000 	C:\Windows\SYSTEM32\dhcpcsvc6.DLL
0x00007fffb0390000 - 0x00007fffb03ad000 	C:\Windows\SYSTEM32\dhcpcsvc.DLL
0x00007fffa07a0000 - 0x00007fffa07b7000 	C:\Windows\system32\napinsp.dll
0x00007fffa0780000 - 0x00007fffa079b000 	C:\Windows\system32\pnrpnsp.dll
0x00007fffa0760000 - 0x00007fffa0775000 	C:\Windows\system32\wshbth.dll
0x00007fffb0e00000 - 0x00007fffb0e1d000 	C:\Windows\system32\NLAapi.dll
0x00007fffa0740000 - 0x00007fffa0752000 	C:\Windows\System32\winrnr.dll
0x00007fff9f8a0000 - 0x00007fff9f8ae000 	C:\Users\Toshiba\.jdks\corretto-20.0.2.1\bin\sunmscapi.dll
0x00007fffb6290000 - 0x00007fffb63ee000 	C:\Windows\System32\CRYPT32.dll
0x00007fffb5580000 - 0x00007fffb55a9000 	C:\Windows\SYSTEM32\ncrypt.dll
0x00007fffb5540000 - 0x00007fffb557b000 	C:\Windows\SYSTEM32\NTASN1.dll
0x00007fff9e450000 - 0x00007fff9e460000 	C:\Users\Toshiba\.jdks\corretto-20.0.2.1\bin\verify.dll
0x00007fffae6d0000 - 0x00007fffae6d7000 	C:\Windows\system32\wshunix.dll

dbghelp: loaded successfully - version: 4.0.5 - missing functions: none
symbol engine: initialized successfully - sym options: 0x614 - pdb path: .;C:\Users\Toshiba\.jdks\corretto-20.0.2.1\bin;C:\Windows\SYSTEM32;C:\Windows\WinSxS\amd64_microsoft.windows.common-controls_6595b64144ccf1df_6.0.19041.4355_none_60b8b9eb71f62e16;C:\Users\Toshiba\.jdks\corretto-20.0.2.1\bin\server;C:\Intel\IntelliJ IDEA 2024.1\bin

VM Arguments:
jvm_args: -XX:TieredStopAtLevel=1 -Dspring.output.ansi.enabled=always -Dcom.sun.management.jmxremote -Dspring.jmx.enabled=true -Dspring.liveBeansView.mbeanDomain -Dspring.application.admin.enabled=true -Dmanagement.endpoints.jmx.exposure.include=* -javaagent:C:\Intel\IntelliJ IDEA 2024.1\lib\idea_rt.jar=57121:C:\Intel\IntelliJ IDEA 2024.1\bin -Dfile.encoding=UTF-8 -Dsun.stdout.encoding=UTF-8 -Dsun.stderr.encoding=UTF-8 
java_command: web.webbanbalo.WebbanbalobeApplication
java_class_path (initial): C:\Users\Toshiba\Desktop\WebBanBalo\WebBanBaLo\webbanbalobe\target\classes;C:\Users\Toshiba\.m2\repository\org\springframework\boot\spring-boot-starter-data-jpa\3.2.4\spring-boot-starter-data-jpa-3.2.4.jar;C:\Users\Toshiba\.m2\repository\org\springframework\boot\spring-boot-starter-aop\3.2.4\spring-boot-starter-aop-3.2.4.jar;C:\Users\Toshiba\.m2\repository\org\springframework\spring-aop\6.1.5\spring-aop-6.1.5.jar;C:\Users\Toshiba\.m2\repository\org\aspectj\aspectjweaver\1.9.21\aspectjweaver-1.9.21.jar;C:\Users\Toshiba\.m2\repository\org\springframework\boot\spring-boot-starter-jdbc\3.2.4\spring-boot-starter-jdbc-3.2.4.jar;C:\Users\Toshiba\.m2\repository\com\zaxxer\HikariCP\5.0.1\HikariCP-5.0.1.jar;C:\Users\Toshiba\.m2\repository\org\springframework\spring-jdbc\6.1.5\spring-jdbc-6.1.5.jar;C:\Users\Toshiba\.m2\repository\org\hibernate\orm\hibernate-core\6.4.4.Final\hibernate-core-6.4.4.Final.jar;C:\Users\Toshiba\.m2\repository\jakarta\persistence\jakarta.persistence-api\3.1.0\jakarta.persistence-api-3.1.0.jar;C:\Users\Toshiba\.m2\repository\jakarta\transaction\jakarta.transaction-api\2.0.1\jakarta.transaction-api-2.0.1.jar;C:\Users\Toshiba\.m2\repository\org\jboss\logging\jboss-logging\3.5.3.Final\jboss-logging-3.5.3.Final.jar;C:\Users\Toshiba\.m2\repository\org\hibernate\common\hibernate-commons-annotations\6.0.6.Final\hibernate-commons-annotations-6.0.6.Final.jar;C:\Users\Toshiba\.m2\repository\io\smallrye\jandex\3.1.2\jandex-3.1.2.jar;C:\Users\Toshiba\.m2\repository\com\fasterxml\classmate\1.6.0\classmate-1.6.0.jar;C:\Users\Toshiba\.m2\repository\net\bytebuddy\byte-buddy\1.14.12\byte-buddy-1.14.12.jar;C:\Users\Toshiba\.m2\repository\org\glassfish\jaxb\jaxb-runtime\4.0.5\jaxb-runtime-4.0.5.jar;C:\Users\Toshiba\.m2\repository\org\glassfish\jaxb\jaxb-core\4.0.5\jaxb-core-4.0.5.jar;C:\Users\Toshiba\.m2\repository\org\eclipse\angus\angus-activation\2.0.2\angus-activation-2.0.2.jar;C:\Users\Toshiba\.m2\repository\org\glassfish\jaxb\txw2\4.0.5\txw2-4.0.5.jar;C:\Users\Toshiba\.m2\repository\com\sun\istack\istack-commons-runtime\4.1.2\istack-commons-runtime-4.1.2.jar;C:\Users\Toshiba\.m2\repository\jakarta\inject\jakarta.inject-api\2.0.1\jakarta.inject-api-2.0.1.jar;C:\Users\Toshiba\.m2\repository\org\antlr\antlr4-runtime\4.13.0\antlr4-runtime-4.13.0.jar;C:\Users\Toshiba\.m2\repository\org\springframework\data\spring-data-jpa\3.2.4\spring-data-jpa-3.2.4.jar;C:\Users\Toshiba\.m2\repository\org\springframework\data\spring-data-commons\3.2.4\spring-data-commons-3.2.4.jar;C:\Users\Toshiba\.m2\repository\org\springframework\spring-orm\6.1.5\spring-orm-6.1.5.jar;C:\Users\Toshiba\.m2\repository\org\springframework\spring-context\6.1.5\spring-context-6.1.5.jar;C:\Users\Toshiba\.m2\repository\org\springframework\spring-tx\6.1.5\spring-tx-6.1.5.jar;C:\Users\Toshiba\.m2\repository\org\springframework\spring-beans\6.1.5\spring-beans-6.1.5.jar;C:\Users\Toshiba\.m2\repository\jakarta\annotation\jakarta.annotation-api\2.1.1\jakarta.annotation-api-2.1.1.jar;C:\Users\Toshiba\.m2\repository\org\slf4j\slf4j-api\2.0.12\slf4j-api-2.0.12.jar;C:\Users\Toshiba\.m2\repository\org\springframework\spring-aspects\6.1.5\spring-aspects-6.1.5.jar;C:\Users\Toshiba\.m2\repository\org\springframework\boot\spring-boot-starter-web\3.2.4\spring-boot-starter-web-3.2.4.jar;C:\Users\Toshiba\.m2\repository\org\springframework\boot\spring-boot-starter\3.2.4\spring-boot-starter-3.2.4.jar;C:\Users\Toshiba\.m2\repository\org\springframework\boot\spring-boot-starter-logging\3.2.4\spring-boot-starter-logging-3.2.4.jar;C:\Users\Toshiba\.m2\repository\ch\qos\logback\logback-classic\1.4.14\logback-classic-1.4.14.jar;C:\Users\Toshiba\.m2\repository\ch\qos\logback\logback-core\1.4.14\logback-core-1.4.14.jar;C:\Users\Toshiba\.m2\repository\org\apache\logging\log4j\log4j-to-slf4j\2.21.1\log4j-to-slf4j-2.21.1.jar;C:\Users\Toshiba\.m2\repository\org\apache\logging\log4j\log4j-api\2.21.1\log4j-api-2.21.1.jar;C:\Users\Toshiba\.m2\repository\org\slf4j\jul-to-slf4j\2.0.12\jul-to-slf4j-2.0.12.jar;C:\Users\Toshiba\.m2\repository\org\yaml\snakeyaml\2.2\snakeyaml-2.2.jar;C:\Users\Toshiba\.m2\repository\org\springframework\boot\spring-boot-starter-json\3.2.4\spring-boot-starter-json-3.2.4.jar;C:\Users\Toshiba\.m2\repository\com\fasterxml\jackson\core\jackson-databind\2.15.4\jackson-databind-2.15.4.jar;C:\Users\Toshiba\.m2\repository\com\fasterxml\jackson\core\jackson-annotations\2.15.4\jackson-annotations-2.15.4.jar;C:\Users\Toshiba\.m2\repository\com\fasterxml\jackson\core\jackson-core\2.15.4\jackson-core-2.15.4.jar;C:\Users\Toshiba\.m2\repository\com\fasterxml\jackson\datatype\jackson-datatype-jdk8\2.15.4\jackson-datatype-jdk8-2.15.4.jar;C:\Users\Toshiba\.m2\repository\com\fasterxml\jackson\datatype\jackson-datatype-jsr310\2.15.4\jackson-datatype-jsr310-2.15.4.jar;C:\Users\Toshiba\.m2\repository\com\fasterxml\jackson\module\jackson-module-parameter-names\2.15.4\jackson-module-parameter-names-2.15.4.jar;C:\Users\Toshiba\.m2\repository\org\springframework\boot\spring-boot-starter-tomcat\3.2.4\spring-boot-starter-tomcat-3.2.4.jar;C:\Users\Toshiba\.m2\repository\org\apache\tomcat\embed\tomcat-embed-core\10.1.19\tomcat-embed-core-10.1.19.jar;C:\Users\Toshiba\.m2\repository\org\apache\tomcat\embed\tomcat-embed-el\10.1.19\tomcat-embed-el-10.1.19.jar;C:\Users\Toshiba\.m2\repository\org\apache\tomcat\embed\tomcat-embed-websocket\10.1.19\tomcat-embed-websocket-10.1.19.jar;C:\Users\Toshiba\.m2\repository\org\springframework\spring-web\6.1.5\spring-web-6.1.5.jar;C:\Users\Toshiba\.m2\repository\io\micrometer\micrometer-observation\1.12.4\micrometer-observation-1.12.4.jar;C:\Users\Toshiba\.m2\repository\io\micrometer\micrometer-commons\1.12.4\micrometer-commons-1.12.4.jar;C:\Users\Toshiba\.m2\repository\org\springframework\spring-webmvc\6.1.5\spring-webmvc-6.1.5.jar;C:\Users\Toshiba\.m2\repository\org\springframework\spring-expression\6.1.5\spring-expression-6.1.5.jar;C:\Users\Toshiba\.m2\repository\org\springframework\boot\spring-boot-devtools\3.2.4\spring-boot-devtools-3.2.4.jar;C:\Users\Toshiba\.m2\repository\org\springframework\boot\spring-boot\3.2.4\spring-boot-3.2.4.jar;C:\Users\Toshiba\.m2\repository\org\springframework\boot\spring-boot-autoconfigure\3.2.4\spring-boot-autoconfigure-3.2.4.jar;C:\Users\Toshiba\.m2\repository\jakarta\xml\bind\jakarta.xml.bind-api\4.0.2\jakarta.xml.bind-api-4.0.2.jar;C:\Users\Toshiba\.m2\repository\jakarta\activation\jakarta.activation-api\2.1.3\jakarta.activation-api-2.1.3.jar;C:\Users\Toshiba\.m2\repository\org\springframework\spring-core\6.1.5\spring-core-6.1.5.jar;C:\Users\Toshiba\.m2\repository\org\springframework\spring-jcl\6.1.5\spring-jcl-6.1.5.jar;C:\Users\Toshiba\.m2\repository\mysql\mysql-connector-java\8.0.28\mysql-connector-java-8.0.28.jar;C:\Users\Toshiba\.m2\repository\com\google\protobuf\protobuf-java\3.11.4\protobuf-java-3.11.4.jar;C:\Users\Toshiba\.m2\repository\com\h2database\h2\1.4.200\h2-1.4.200.jar;C:\Users\Toshiba\.m2\repository\org\springframework\security\spring-security-crypto\6.2.3\spring-security-crypto-6.2.3.jar
Launcher Type: SUN_STANDARD

[Global flags]
     intx CICompilerCount                          = 3                                         {product} {ergonomic}
     uint ConcGCThreads                            = 1                                         {product} {ergonomic}
     uint G1ConcRefinementThreads                  = 4                                         {product} {ergonomic}
   size_t G1HeapRegionSize                         = 1048576                                   {product} {ergonomic}
    uintx GCDrainStackTargetSize                   = 64                                        {product} {ergonomic}
   size_t InitialHeapSize                          = 67108864                                  {product} {ergonomic}
     bool ManagementServer                         = true                                      {product} {command line}
   size_t MarkStackSize                            = 4194304                                   {product} {ergonomic}
   size_t MaxHeapSize                              = 1054867456                                {product} {ergonomic}
   size_t MaxNewSize                               = 632291328                                 {product} {ergonomic}
   size_t MinHeapDeltaBytes                        = 1048576                                   {product} {ergonomic}
   size_t MinHeapSize                              = 8388608                                   {product} {ergonomic}
    uintx NonProfiledCodeHeapSize                  = 0                                      {pd product} {ergonomic}
     bool ProfileInterpreter                       = false                                  {pd product} {command line}
    uintx ProfiledCodeHeapSize                     = 0                                      {pd product} {ergonomic}
   size_t SoftMaxHeapSize                          = 1054867456                             {manageable} {ergonomic}
     intx TieredStopAtLevel                        = 1                                         {product} {command line}
     bool UseCompressedClassPointers               = true                           {product lp64_product} {ergonomic}
     bool UseCompressedOops                        = true                           {product lp64_product} {ergonomic}
     bool UseG1GC                                  = true                                      {product} {ergonomic}
     bool UseLargePagesIndividualAllocation        = false                                  {pd product} {ergonomic}

Logging:
Log output configuration:
 #0: stdout all=warning uptime,level,tags foldmultilines=false
 #1: stderr all=off uptime,level,tags foldmultilines=false

Environment Variables:
PATH=C:\Windows\system32;C:\Windows;C:\Windows\System32\Wbem;C:\Windows\System32\WindowsPowerShell\v1.0\;C:\Windows\System32\OpenSSH\;C:\Program Files\OpenSSL-Win64\bin;C:\Program Files\dotnet\;C:\ProgramData\chocolatey\bin;C:\Program Files\nodejs\;C:\ScApps\Git\cmd;C:\Users\Toshiba\AppData\Local\Microsoft\WindowsApps;C:\ProgramData\Microsoft\Windows\Start Menu\Programs\Node.js;C:\Users\Toshiba\AppData\Local\Programs\Microsoft VS Code\bin;C:\Users\Toshiba\AppData\Roaming\npm;C:\Intel\IntelliJ IDEA 2024.1\bin;
USERNAME=Toshiba
OS=Windows_NT
PROCESSOR_IDENTIFIER=Intel64 Family 6 Model 69 Stepping 1, GenuineIntel
TMP=C:\Users\Toshiba\AppData\Local\Temp
TEMP=C:\Users\Toshiba\AppData\Local\Temp




---------------  S Y S T E M  ---------------

OS:
 Windows 10 , 64 bit Build 19041 (10.0.19041.3636)
OS uptime: 6 days 20:42 hours

CPU: total 4 (initial active 4) (2 cores per cpu, 2 threads per core) family 6 model 69 stepping 1 microcode 0x25, cx8, cmov, fxsr, ht, mmx, sse, sse2, sse3, ssse3, sse4.1, sse4.2, popcnt, lzcnt, tsc, tscinvbit, avx, avx2, aes, erms, clmul, bmi1, bmi2, fma, vzeroupper, clflush, rdtscp, f16c

Memory: 4k page, system-wide physical 4021M (306M free)
TotalPageFile size 11701M (AvailPageFile size 3193M)
current process WorkingSet (physical memory assigned to process): 95M, peak: 211M
current process commit charge ("private bytes"): 259M, peak: 259M

vm_info: OpenJDK 64-Bit Server VM (20.0.2.1+10-FR) for windows-amd64 JRE (20.0.2.1+10-FR), built on 2023-08-19T09:18:31Z by "Administrator" with unknown MS VC++:1937

END.
